<?xml version="1.0" encoding="UTF-8"?>
<testsuite name="com.artverse.app.models.CartItemTest" tests="3" skipped="0" failures="0" errors="0" timestamp="2026-07-19T16:56:40" hostname="RAVINDU" time="0.006">
  <properties/>
  <testcase name="lineTotal_multipliesPriceByQuantity" classname="com.artverse.app.models.CartItemTest" time="0.004"/>
  <testcase name="lineTotal_zeroPriceIsZero" classname="com.artverse.app.models.CartItemTest" time="0.0"/>
  <testcase name="lineTotal_reflectsQuantityUpdatedAfterConstruction" classname="com.artverse.app.models.CartItemTest" time="0.001"/>
  <system-out><![CDATA[]]></system-out>
  <system-err><![CDATA[]]></system-err>
</testsuite>
