<?xml version="1.0" encoding="UTF-8"?>
<testsuite name="com.artverse.app.models.CartItemTest" tests="4" skipped="0" failures="0" errors="0" timestamp="2026-07-25T03:57:41" hostname="RAVINDU" time="0.005">
  <properties/>
  <testcase name="lineTotal_digitalLineIsAlwaysASingleCopy" classname="com.artverse.app.models.CartItemTest" time="0.003"/>
  <testcase name="lineTotal_multipliesPriceByQuantity" classname="com.artverse.app.models.CartItemTest" time="0.0"/>
  <testcase name="lineTotal_zeroPriceIsZero" classname="com.artverse.app.models.CartItemTest" time="0.0"/>
  <testcase name="lineTotal_reflectsQuantityUpdatedAfterConstruction" classname="com.artverse.app.models.CartItemTest" time="0.0"/>
  <system-out><![CDATA[]]></system-out>
  <system-err><![CDATA[]]></system-err>
</testsuite>
