<?xml version="1.0" encoding="UTF-8"?>
<testsuite name="com.artverse.app.utils.ArtCategoriesTest" tests="3" skipped="0" failures="0" errors="0" timestamp="2026-07-19T16:56:40" hostname="RAVINDU" time="0.002">
  <properties/>
  <testcase name="defaultCategories_isNotEmpty" classname="com.artverse.app.utils.ArtCategoriesTest" time="0.0"/>
  <testcase name="defaultCategories_containsCoreCategories" classname="com.artverse.app.utils.ArtCategoriesTest" time="0.001"/>
  <testcase name="defaultCategories_hasNoDuplicates" classname="com.artverse.app.utils.ArtCategoriesTest" time="0.001"/>
  <system-out><![CDATA[]]></system-out>
  <system-err><![CDATA[]]></system-err>
</testsuite>
